<?xml version="1.0" encoding="UTF-8"?>
<!-- Generated by org.testng.reporters.JUnitReportReporter -->
<testsuite hostname="K-H-2000448-L" failures="0" tests="12" name="api.test.DataDrivenTests" time="18.092" errors="0" timestamp="2024-11-21T14:34:08 IST" skipped="0">
  <testcase classname="api.test.DataDrivenTests" name="testPostuser" time="1.294"/>
  <testcase classname="api.test.DataDrivenTests" name="testPostuser" time="3.621"/>
  <testcase classname="api.test.DataDrivenTests" name="testPostuser" time="1.326"/>
  <testcase classname="api.test.DataDrivenTests" name="testGetUserByName" time="1.342"/>
  <testcase classname="api.test.DataDrivenTests" name="testGetUserByName" time="1.279"/>
  <testcase classname="api.test.DataDrivenTests" name="testGetUserByName" time="1.393"/>
  <testcase classname="api.test.DataDrivenTests" name="testPutuser" time="1.288"/>
  <testcase classname="api.test.DataDrivenTests" name="testPutuser" time="1.273"/>
  <testcase classname="api.test.DataDrivenTests" name="testPutuser" time="1.271"/>
  <testcase classname="api.test.DataDrivenTests" name="testDeleteUserByName" time="1.331"/>
  <testcase classname="api.test.DataDrivenTests" name="testDeleteUserByName" time="1.350"/>
  <testcase classname="api.test.DataDrivenTests" name="testDeleteUserByName" time="1.324"/>
</testsuite> <!-- api.test.DataDrivenTests -->
