<?xml version="1.0" encoding="UTF-8"?>
<!-- Generated by org.testng.reporters.JUnitReportReporter -->
<testsuite hostname="K-H-2000448-L" failures="0" tests="4" name="api.test.UserTest" time="7.884" errors="0" timestamp="2024-11-21T13:36:46 IST" skipped="0">
  <testcase classname="api.test.UserTest" name="testPostUser" time="2.697"/>
  <testcase classname="api.test.UserTest" name="testGetUserByName" time="1.353"/>
  <testcase classname="api.test.UserTest" name="testUpdateUserByName" time="2.509"/>
  <testcase classname="api.test.UserTest" name="testDeleteUserByName" time="1.325"/>
</testsuite> <!-- api.test.UserTest -->
