<?xml version="1.0" encoding="UTF-8"?>
<!-- Generated by org.testng.reporters.JUnitReportReporter -->
<testsuite hostname="K-H-2000448-L" failures="0" tests="12" name="api.test.DataDrivenTests" time="20.176" errors="0" timestamp="2024-11-23T18:53:32 IST" skipped="0">
  <testcase classname="api.test.DataDrivenTests" name="testPostuser" time="1.491"/>
  <testcase classname="api.test.DataDrivenTests" name="testPostuser" time="3.590"/>
  <testcase classname="api.test.DataDrivenTests" name="testPostuser" time="1.383"/>
  <testcase classname="api.test.DataDrivenTests" name="testGetUserByName" time="1.528"/>
  <testcase classname="api.test.DataDrivenTests" name="testGetUserByName" time="1.686"/>
  <testcase classname="api.test.DataDrivenTests" name="testGetUserByName" time="1.800"/>
  <testcase classname="api.test.DataDrivenTests" name="testPutuser" time="1.343"/>
  <testcase classname="api.test.DataDrivenTests" name="testPutuser" time="1.340"/>
  <testcase classname="api.test.DataDrivenTests" name="testPutuser" time="1.588"/>
  <testcase classname="api.test.DataDrivenTests" name="testDeleteUserByName" time="1.533"/>
  <testcase classname="api.test.DataDrivenTests" name="testDeleteUserByName" time="1.706"/>
  <testcase classname="api.test.DataDrivenTests" name="testDeleteUserByName" time="1.188"/>
</testsuite> <!-- api.test.DataDrivenTests -->
